Lmod has detected the following error: The following module(s) are unknown:
"2022"

Please check the spelling or version number. Also try "module spider ..."
It is also possible your cache file is out-of-date; it may help to try:
  $ module --ignore-cache load "2022"

Also make sure that all modulefiles written in TCL start with the string
#%Module



Lmod has detected the following error: The following module(s) are unknown:
"Anaconda3/2022.05"

Please check the spelling or version number. Also try "module spider ..."
It is also possible your cache file is out-of-date; it may help to try:
  $ module --ignore-cache load "Anaconda3/2022.05"

Also make sure that all modulefiles written in TCL start with the string
#%Module



Relative Clause
Using pad_token, but it is not set yet.
wandb: Currently logged in as: s04240051 (st634). Use `wandb login --relogin` to force relogin
wandb: Tracking run with wandb version 0.15.8
wandb: Run data is saved locally in /home/hzhu/project/EMNLP_BLA/BLIP/wandb/run-20230828_121046-g1ukp5cm
wandb: Run `wandb offline` to turn off syncing.
wandb: Syncing run drawn-darkness-15
wandb: ⭐️ View project at https://wandb.ai/st634/bla-2023
wandb: 🚀 View run at https://wandb.ai/st634/bla-2023/runs/g1ukp5cm
Flamingo model initialized with 1089480736 trainable parameters
close file...
  0%|          | 0/5 [00:00<?, ?it/s]Setting `pad_token_id` to `eos_token_id`:50277 for open-end generation.
Setting `pad_token_id` to `eos_token_id`:50277 for open-end generation.
slurmstepd: error: *** JOB 746803 ON ilps-cn102 CANCELLED AT 2023-08-28T12:30:55 ***
